app/manifest-merger-release-report.txt
-- Merging decision tree log ---
manifest
ADDED from AndroidManifest.xml:2:1
	package
		ADDED from AndroidManifest.xml:3:5
		INJECTED from AndroidManifest.xml:0:0
		INJECTED from AndroidManifest.xml:0:0
	android:versionName
		INJECTED from AndroidManifest.xml:0:0
		INJECTED from AndroidManifest.xml:0:0
	xmlns:android
		ADDED from AndroidManifest.xml:2:11
	android:versionCode
		INJECTED from AndroidManifest.xml:0:0
		INJECTED from AndroidManifest.xml:0:0
uses-permission#android.permission.GET_TASKS
ADDED from AndroidManifest.xml:5:3
	android:name
		ADDED from AndroidManifest.xml:5:20
application
ADDED from AndroidManifest.xml:6:3
MERGED from com.android.support:appcompat-v7:21.0.3:16:5
MERGED from com.android.support:support-v4:21.0.3:16:5
	android:label
		ADDED from AndroidManifest.xml:9:7
	android:allowBackup
		ADDED from AndroidManifest.xml:7:7
	android:icon
		ADDED from AndroidManifest.xml:8:7
activity#com.codeboy.qianghongbao.MainActivity
ADDED from AndroidManifest.xml:10:5
	android:label
		ADDED from AndroidManifest.xml:12:9
	android:name
		ADDED from AndroidManifest.xml:11:9
intent-filter#android.intent.action.MAIN+android.intent.category.LAUNCHER
ADDED from AndroidManifest.xml:13:7
action#android.intent.action.MAIN
ADDED from AndroidManifest.xml:14:9
	android:name
		ADDED from AndroidManifest.xml:14:17
category#android.intent.category.LAUNCHER
ADDED from AndroidManifest.xml:16:9
	android:name
		ADDED from AndroidManifest.xml:16:19
service#com.codeboy.qianghongbao.QiangHongBaoService
ADDED from AndroidManifest.xml:20:5
	android:enabled
		ADDED from AndroidManifest.xml:21:9
	android:label
		ADDED from AndroidManifest.xml:23:9
	android:exported
		ADDED from AndroidManifest.xml:22:9
	android:permission
		ADDED from AndroidManifest.xml:25:9
	android:name
		ADDED from AndroidManifest.xml:24:9
intent-filter#android.accessibilityservice.AccessibilityService
ADDED from AndroidManifest.xml:26:7
action#android.accessibilityservice.AccessibilityService
ADDED from AndroidManifest.xml:27:9
	android:name
		ADDED from AndroidManifest.xml:27:17
meta-data#android.accessibilityservice
ADDED from AndroidManifest.xml:29:7
	android:resource
		ADDED from AndroidManifest.xml:31:11
	android:name
		ADDED from AndroidManifest.xml:30:11
uses-sdk
INJECTED from AndroidManifest.xml:0:0 reason: use-sdk injection requested
MERGED from com.android.support:appcompat-v7:21.0.3:15:5
MERGED from com.android.support:support-v4:21.0.3:15:5
	android:targetSdkVersion
		INJECTED from AndroidManifest.xml:0:0
		INJECTED from AndroidManifest.xml:0:0
	android:minSdkVersion
		INJECTED from AndroidManifest.xml:0:0
		INJECTED from AndroidManifest.xml:0:0